Arguments: 
  C:\nodejs\node.exe C:\Users\yejianbo03151\AppData\Roaming\npm\node_modules\yarn\bin\yarn.js install

PATH: 
  C:\Program Files (x86)\Common Files\Oracle\Java\javapath;C:\Java\JAVA\apache-maven-3.8.1\bin;C:\Java\JAVA\jdk\bin;C:\Java\JAVA\jdk\jre\bin;C:\Program Files\JetBrains\GoLand 2021.1.3\bin;C:\Program Files\JetBrains\IntelliJ IDEA 2019.3.5\bin;C:\Program Files\JetBrains\PyCharm 2019.3.5\bin;C:\Program Files\JetBrains\PyCharm Community Edition 2020.2.2\bin;C:\Program Files\nodejs;C:\Python\Python3.8\;C:\Python\Python3.8\Scripts\;C:\Users\xiewenliang08191\AppData\Local\Microsoft\WindowsApps;C:\Users\xiewenliang08191\AppData\Local\Programs\Fiddler;C:\Users\xiewenliang08191\go\bin;C:\nvm\nvm;C:\windows;C:\windows\System32\OpenSSH\;C:\windows\System32\Wbem;C:\windows\System32\WindowsPowerShell\v1.0\;C:\windows\system32;C:\windows\system32\config\systemprofile\AppData\Local\Microsoft\WindowsApps;C:\Program Files\Git\cmd;C:\nodejs\;C:\Program Files (x86)\Tencent\微信web开发者工具\dll;C:\Program Files\Docker\Docker\resources\bin;C:\ProgramData\DockerDesktop\version-bin;C:\Program Files\Git\bin;C:\Program Files\Bandizip\;C:\Users\yejianbo03151\AppData\Local\Microsoft\WindowsApps;C:\Users\yejianbo03151\AppData\Local\Programs\Microsoft VS Code\bin;C:\Python27;C:\Users\yejianbo03151\AppData\Roaming\npm;C:\Users\yejianbo03151\AppData\Local\Programs\Fiddler

Yarn version: 
  1.22.18

Node version: 
  14.19.1

Platform: 
  win32 x64

Trace: 
  Error: ENOENT: no such file or directory, open 'C:\Users\yejianbo03151\AppData\Local\Yarn\Cache\v6\npm-@swc-core-win32-x64-msvc-1.2.205-626b979203510c43c7f5a8014881a2c08426bf33-integrity\node_modules\@swc\core-win32-x64-msvc\.yarn-metadata.json'

npm manifest: 
  {
    "name": "test2",
    "version": "1.0.0",
    "private": true,
    "description": "",
    "templateInfo": {
      "name": "default",
      "typescript": true,
      "css": "less"
    },
    "scripts": {
      "build:weapp": "taro build --type weapp",
      "build:swan": "taro build --type swan",
      "build:alipay": "taro build --type alipay",
      "build:tt": "taro build --type tt",
      "build:h5": "taro build --type h5",
      "build:rn": "taro build --type rn",
      "build:qq": "taro build --type qq",
      "build:jd": "taro build --type jd",
      "build:quickapp": "taro build --type quickapp",
      "dev:weapp": "npm run build:weapp -- --watch",
      "dev:swan": "npm run build:swan -- --watch",
      "dev:alipay": "npm run build:alipay -- --watch",
      "dev:tt": "npm run build:tt -- --watch",
      "dev:h5": "npm run build:h5 -- --watch",
      "dev:rn": "npm run build:rn -- --watch",
      "dev:qq": "npm run build:qq -- --watch",
      "dev:jd": "npm run build:jd -- --watch",
      "dev:quickapp": "npm run build:quickapp -- --watch"
    },
    "browserslist": [
      "last 3 versions",
      "Android >= 4.1",
      "ios >= 8"
    ],
    "author": "",
    "dependencies": {
      "@babel/runtime": "^7.7.7",
      "@tarojs/components": "3.5.0-beta.2",
      "@tarojs/helper": "3.5.0-beta.2",
      "@tarojs/plugin-platform-weapp": "3.5.0-beta.2",
      "@tarojs/plugin-platform-alipay": "3.5.0-beta.2",
      "@tarojs/plugin-platform-tt": "3.5.0-beta.2",
      "@tarojs/plugin-platform-swan": "3.5.0-beta.2",
      "@tarojs/plugin-platform-jd": "3.5.0-beta.2",
      "@tarojs/plugin-platform-qq": "3.5.0-beta.2",
      "@tarojs/router": "3.5.0-beta.2",
      "@tarojs/runtime": "3.5.0-beta.2",
      "@tarojs/shared": "3.5.0-beta.2",
      "@tarojs/taro": "3.5.0-beta.2",
      "@tarojs/taro-h5": "3.5.0-beta.2",
      "@tarojs/plugin-framework-react": "3.5.0-beta.2",
      "@tarojs/react": "3.5.0-beta.2",
      "react-dom": "^17.0.0",
      "react": "^17.0.0"
    },
    "devDependencies": {
      "@babel/core": "^7.8.0",
      "@types/webpack-env": "^1.13.6",
      "@types/react": "^17.0.2",
      "webpack": "5.69.0",
      "@tarojs/webpack5-runner": "3.5.0-beta.2",
      "babel-preset-taro": "3.5.0-beta.2",
      "eslint-config-taro": "3.5.0-beta.2",
      "eslint": "^8.12.0",
      "@pmmmwh/react-refresh-webpack-plugin": "0.5.5",
      "react-refresh": "0.11.0",
      "eslint-plugin-react": "^7.8.2",
      "eslint-plugin-import": "^2.12.0",
      "eslint-plugin-react-hooks": "^4.2.0",
      "stylelint": "^14.4.0",
      "@typescript-eslint/parser": "^5.20.0",
      "@typescript-eslint/eslint-plugin": "^5.20.0",
      "typescript": "^4.1.0"
    }
  }

yarn manifest: 
  No manifest

Lockfile: 
  No lockfile
